ISim log file
Running: E:\project\Ise\Licens_Plate_Recognition\gaussian-blur-2\gaussian_blur_filter_isim_beh.exe -intstyle ise -gui -tclbatch isim.cmd -wdb E:/project/Ise/Licens_Plate_Recognition/gaussian-blur-2/gaussian_blur_filter_isim_beh.wdb 
ISim P.20131013 (signature 0x7708f090)
----------------------------------------------------------------------
WARNING:Security:42 - Your software subscription period has lapsed. Your current version of Xilinx tools will continue to function, but you no longer qualify for Xilinx software updates or new releases.


----------------------------------------------------------------------
This is a Full version of ISim.
Time resolution is 1 ps
# onerror resume
# wave add /
# run 1000 ns
Simulator is doing circuit initialization process.
at 0 ps: Note: ???? ?????? ????? ??: E:\data\1-output clahe\image61.txt (/gaussian_blur_filter/).
at 0 ps: Note: ???? ????? ?? ?????? ??? ?? (/gaussian_blur_filter/).
at 0 ps: Note: ?????? ?? 0 ?? 640 (/gaussian_blur_filter/).
at 0 ps: Note: ?????? ?? 64 ?? 640 (/gaussian_blur_filter/).
at 0 ps: Note: ?????? ?? 128 ?? 640 (/gaussian_blur_filter/).
at 0 ps: Note: ?????? ?? 192 ?? 640 (/gaussian_blur_filter/).
at 0 ps: Note: ?????? ?? 256 ?? 640 (/gaussian_blur_filter/).
at 0 ps: Note: ?????? ?? 320 ?? 640 (/gaussian_blur_filter/).
at 0 ps: Note: ?????? ?? 384 ?? 640 (/gaussian_blur_filter/).
at 0 ps: Note: ?????? ?? 448 ?? 640 (/gaussian_blur_filter/).
at 0 ps: Note: ?????? ?? 512 ?? 640 (/gaussian_blur_filter/).
at 0 ps: Note: ?????? ?? 576 ?? 640 (/gaussian_blur_filter/).
at 0 ps: Note: ?????? ????? ???? ??. (/gaussian_blur_filter/).
at 0 ps: Note: ???? ????? ????? ????... (/gaussian_blur_filter/).
at 0 ps: Note: ?????? ?? 0 ?? 640 (/gaussian_blur_filter/).
at 0 ps: Note: ?????? ?? 64 ?? 640 (/gaussian_blur_filter/).
at 0 ps: Note: ?????? ?? 128 ?? 640 (/gaussian_blur_filter/).
at 0 ps: Note: ?????? ?? 192 ?? 640 (/gaussian_blur_filter/).
at 0 ps: Note: ?????? ?? 256 ?? 640 (/gaussian_blur_filter/).
at 0 ps: Note: ?????? ?? 320 ?? 640 (/gaussian_blur_filter/).
at 0 ps: Note: ?????? ?? 384 ?? 640 (/gaussian_blur_filter/).
at 0 ps: Note: ?????? ?? 448 ?? 640 (/gaussian_blur_filter/).
at 0 ps: Note: ?????? ?? 512 ?? 640 (/gaussian_blur_filter/).
at 0 ps: Note: ?????? ?? 576 ?? 640 (/gaussian_blur_filter/).
at 0 ps: Note: ????? ???? ???? ??. (/gaussian_blur_filter/).
at 0 ps: Note: ???? ????? ????? ??: E:\data\2-output gaussian blur\image61.txt (/gaussian_blur_filter/).
at 0 ps: Note: ???? ????? ?? ?????? ????? ?? (/gaussian_blur_filter/).
at 0 ps: Note: ????? ?? 0 ?? 640 (/gaussian_blur_filter/).
at 0 ps: Note: ????? ?? 64 ?? 640 (/gaussian_blur_filter/).
at 0 ps: Note: ????? ?? 128 ?? 640 (/gaussian_blur_filter/).
at 0 ps: Note: ????? ?? 192 ?? 640 (/gaussian_blur_filter/).
at 0 ps: Note: ????? ?? 256 ?? 640 (/gaussian_blur_filter/).
at 0 ps: Note: ????? ?? 320 ?? 640 (/gaussian_blur_filter/).
at 0 ps: Note: ????? ?? 384 ?? 640 (/gaussian_blur_filter/).
at 0 ps: Note: ????? ?? 448 ?? 640 (/gaussian_blur_filter/).
at 0 ps: Note: ????? ?? 512 ?? 640 (/gaussian_blur_filter/).
at 0 ps: Note: ????? ?? 576 ?? 640 (/gaussian_blur_filter/).
at 0 ps: Note: ???? ????? ?? ?????? ????? ??. (/gaussian_blur_filter/).
at 0 ps: Note: ?????? ???? ??! (/gaussian_blur_filter/).
Finished circuit initialization process.
