Running: E:\Xilinx\14.7\ISE_DS\ISE\bin\nt64\unwrapped\fuse.exe -intstyle ise -incremental -o E:/project/Ise/Licens_Plate_Recognition/adaptive-thresholding-4/adaptive_thresholding_optimized_isim_beh.exe -prj E:/project/Ise/Licens_Plate_Recognition/adaptive-thresholding-4/adaptive_thresholding_optimized_beh.prj work.adaptive_thresholding_optimized 
ISim P.20131013 (signature 0x7708f090)
Number of CPUs detected in this system: 7
Turning on mult-threading, number of parallel sub-compilation jobs: 14 
Determining compilation order of HDL files
Parsing VHDL file "E:/project/Ise/Licens_Plate_Recognition/adaptive-thresholding-4/adaptive_thresholding.vhd" into library work
Starting static elaboration
Completed static elaboration
Compiling package standard
Compiling package std_logic_1164
Compiling package numeric_std
Compiling package textio
Compiling package std_logic_textio
Compiling architecture behavioral of entity adaptive_thresholding_optimized
Time Resolution for simulation is 1ps.
Waiting for 1 sub-compilation(s) to finish...
Compiled 6 VHDL Units
Built simulation executable E:/project/Ise/Licens_Plate_Recognition/adaptive-thresholding-4/adaptive_thresholding_optimized_isim_beh.exe
Fuse Memory Usage: 44896 KB
Fuse CPU Usage: 1265 ms
