ISim log file
Running: E:\project\Ise\Licens_Plate_Recognition\adaptive-thresholding-4\adaptive_thresholding_optimized_isim_beh.exe -intstyle ise -gui -tclbatch isim.cmd -wdb E:/project/Ise/Licens_Plate_Recognition/adaptive-thresholding-4/adaptive_thresholding_optimized_isim_beh.wdb 
ISim P.20131013 (signature 0x7708f090)
----------------------------------------------------------------------
WARNING:Security:42 - Your software subscription period has lapsed. Your current version of Xilinx tools will continue to function, but you no longer qualify for Xilinx software updates or new releases.


----------------------------------------------------------------------
This is a Full version of ISim.
Time resolution is 1 ps
# onerror resume
# wave add /
# run 1000 ns
Simulator is doing circuit initialization process.
at 0 ps: Note: ???? ?????? Adaptive Thresholding ????? ???... (/adaptive_thresholding_optimized/).
at 0 ps: Note: ?????? ?????... (/adaptive_thresholding_optimized/).
at 0 ps: Note: ?????? ??: 0/640 ?? (/adaptive_thresholding_optimized/).
at 0 ps: Note: ?????? ??: 80/640 ?? (/adaptive_thresholding_optimized/).
at 0 ps: Note: ?????? ??: 160/640 ?? (/adaptive_thresholding_optimized/).
at 0 ps: Note: ?????? ??: 240/640 ?? (/adaptive_thresholding_optimized/).
at 0 ps: Note: ?????? ??: 320/640 ?? (/adaptive_thresholding_optimized/).
at 0 ps: Note: ?????? ??: 400/640 ?? (/adaptive_thresholding_optimized/).
at 0 ps: Note: ?????? ??: 480/640 ?? (/adaptive_thresholding_optimized/).
at 0 ps: Note: ?????? ??: 560/640 ?? (/adaptive_thresholding_optimized/).
at 0 ps: Note: ????? Adaptive Thresholding... (/adaptive_thresholding_optimized/).
at 0 ps: Note: ?????? ??: 0/640 ?? (/adaptive_thresholding_optimized/).
at 0 ps: Note: ?????? ??: 80/640 ?? (/adaptive_thresholding_optimized/).
at 0 ps: Note: ?????? ??: 160/640 ?? (/adaptive_thresholding_optimized/).
at 0 ps: Note: ?????? ??: 240/640 ?? (/adaptive_thresholding_optimized/).
at 0 ps: Note: ?????? ??: 320/640 ?? (/adaptive_thresholding_optimized/).
at 0 ps: Note: ?????? ??: 400/640 ?? (/adaptive_thresholding_optimized/).
at 0 ps: Note: ?????? ??: 480/640 ?? (/adaptive_thresholding_optimized/).
at 0 ps: Note: ?????? ??: 560/640 ?? (/adaptive_thresholding_optimized/).
at 0 ps: Note: ????? ??? ????... (/adaptive_thresholding_optimized/).
at 0 ps: Note: ????? ????? ?????... (/adaptive_thresholding_optimized/).
at 0 ps: Note: ????? ??: 0/640 ?? (/adaptive_thresholding_optimized/).
at 0 ps: Note: ????? ??: 80/640 ?? (/adaptive_thresholding_optimized/).
at 0 ps: Note: ????? ??: 160/640 ?? (/adaptive_thresholding_optimized/).
at 0 ps: Note: ????? ??: 240/640 ?? (/adaptive_thresholding_optimized/).
at 0 ps: Note: ????? ??: 320/640 ?? (/adaptive_thresholding_optimized/).
at 0 ps: Note: ????? ??: 400/640 ?? (/adaptive_thresholding_optimized/).
at 0 ps: Note: ????? ??: 480/640 ?? (/adaptive_thresholding_optimized/).
at 0 ps: Note: ????? ??: 560/640 ?? (/adaptive_thresholding_optimized/).
at 0 ps: Note: === Adaptive Thresholding ????? ??? ???? ?? === (/adaptive_thresholding_optimized/).
at 0 ps: Note: ???? ?????: E:\data\3-output edge detection\image61.txt (/adaptive_thresholding_optimized/).
at 0 ps: Note: ???? ?????: E:\data\4-output adaptive threshold\image61.txt (/adaptive_thresholding_optimized/).
at 0 ps: Note: ?????? ?????: 640x640 (/adaptive_thresholding_optimized/).
at 0 ps: Note: ?????? ????: 11x11 (/adaptive_thresholding_optimized/).
at 0 ps: Note: ???? C: 8 (/adaptive_thresholding_optimized/).
at 0 ps: Note: ????? ???? ???: 20 (/adaptive_thresholding_optimized/).
at 0 ps: Note: ????????? ??????????: (/adaptive_thresholding_optimized/).
at 0 ps: Note: - ???????? ??????? ? ??????? (/adaptive_thresholding_optimized/).
at 0 ps: Note: - ????? ??????? ??? (/adaptive_thresholding_optimized/).
at 0 ps: Note: - ??? ???? ????? (/adaptive_thresholding_optimized/).
at 0 ps: Note: - ????? ???? ????? ???? (/adaptive_thresholding_optimized/).
Finished circuit initialization process.
