ISim log file
Running: E:\project\Ise\Licens_Plate_Recognition\morphological-5\morphology_license_plate_optimized_isim_beh.exe -intstyle ise -gui -tclbatch isim.cmd -wdb E:/project/Ise/Licens_Plate_Recognition/morphological-5/morphology_license_plate_optimized_isim_beh.wdb 
ISim P.20131013 (signature 0x7708f090)
----------------------------------------------------------------------
WARNING:Security:42 - Your software subscription period has lapsed. Your current version of Xilinx tools will continue to function, but you no longer qualify for Xilinx software updates or new releases.


----------------------------------------------------------------------
This is a Full version of ISim.
Time resolution is 1 ps
# onerror resume
# wave add /
# run 1000 ns
Simulator is doing circuit initialization process.
at 0 ps: Note: === ???? Morphology ????? ??? ???? ???? === (/morphology_license_plate_optimized/).
at 0 ps: Note: ?????? ????? ?????... (/morphology_license_plate_optimized/).
at 0 ps: Note: ?????? ??????: 0/640 (/morphology_license_plate_optimized/).
at 0 ps: Note: ?????? ??????: 128/640 (/morphology_license_plate_optimized/).
at 0 ps: Note: ?????? ??????: 256/640 (/morphology_license_plate_optimized/).
at 0 ps: Note: ?????? ??????: 384/640 (/morphology_license_plate_optimized/).
at 0 ps: Note: ?????? ??????: 512/640 (/morphology_license_plate_optimized/).
at 0 ps: Note: ????? 1: ??? ???? ??????... (/morphology_license_plate_optimized/).
at 0 ps: Note: ????? 2: ????? ????? ????... (/morphology_license_plate_optimized/).
at 0 ps: Note: ????? 3: Opening ???? ???????... (/morphology_license_plate_optimized/).
at 0 ps: Note: ????? 4: ??????? ?????... (/morphology_license_plate_optimized/).
at 0 ps: Note: ????? ????? ?????... (/morphology_license_plate_optimized/).
at 0 ps: Note: ?????? ?????: 0/640 (/morphology_license_plate_optimized/).
at 0 ps: Note: ?????? ?????: 128/640 (/morphology_license_plate_optimized/).
at 0 ps: Note: ?????? ?????: 256/640 (/morphology_license_plate_optimized/).
at 0 ps: Note: ?????? ?????: 384/640 (/morphology_license_plate_optimized/).
at 0 ps: Note: ?????? ?????: 512/640 (/morphology_license_plate_optimized/).
at 0 ps: Note: === Morphology ????? ??? ???? ?? === (/morphology_license_plate_optimized/).
at 0 ps: Note:  (/morphology_license_plate_optimized/).
at 0 ps: Note: ???????: (/morphology_license_plate_optimized/).
at 0 ps: Note:   ?????: E:\data\4-output adaptive threshold\image61.txt (/morphology_license_plate_optimized/).
at 0 ps: Note:   ?????: E:\data\5-output morphological\image61.txt (/morphology_license_plate_optimized/).
at 0 ps: Note:   ?????: 640x640 (/morphology_license_plate_optimized/).
at 0 ps: Note:  (/morphology_license_plate_optimized/).
at 0 ps: Note: ????? ?????? ????? ???: (/morphology_license_plate_optimized/).
at 0 ps: Note: 1. ??? ???? ?????? (/morphology_license_plate_optimized/).
at 0 ps: Note:    - ????? ???? ????? (/morphology_license_plate_optimized/).
at 0 ps: Note:    - ??? ???? ???? ???? (/morphology_license_plate_optimized/).
at 0 ps: Note:    - ?? ???? ????????? ???? ???? (/morphology_license_plate_optimized/).
at 0 ps: Note:  (/morphology_license_plate_optimized/).
at 0 ps: Note: 2. ????? ????? ???? (/morphology_license_plate_optimized/).
at 0 ps: Note:    - ?????? ?????? ?? ??? ???? (/morphology_license_plate_optimized/).
at 0 ps: Note:    - ????? ???????? ????? (/morphology_license_plate_optimized/).
at 0 ps: Note:    - ????? ????? ?? ??? ?????? (/morphology_license_plate_optimized/).
at 0 ps: Note:  (/morphology_license_plate_optimized/).
at 0 ps: Note: 3. Opening ??????? (/morphology_license_plate_optimized/).
at 0 ps: Note:    - Erosion ???? ??? ??????? ???? (/morphology_license_plate_optimized/).
at 0 ps: Note:    - Dilation ???? ????????? ??? ???? (/morphology_license_plate_optimized/).
at 0 ps: Note:  (/morphology_license_plate_optimized/).
at 0 ps: Note: 4. ??????? ????? ??????? (/morphology_license_plate_optimized/).
at 0 ps: Note:    - ??? component ??? ???? (/morphology_license_plate_optimized/).
at 0 ps: Note:    - ????? connectivity (/morphology_license_plate_optimized/).
at 0 ps: Note:    - ??? ????????? ????? (/morphology_license_plate_optimized/).
at 0 ps: Note:  (/morphology_license_plate_optimized/).
at 0 ps: Note: ????????????? ???? ???? ?????: (/morphology_license_plate_optimized/).
at 0 ps: Note: - ????? kernel ?? ???? ???? ????? ???? (/morphology_license_plate_optimized/).
at 0 ps: Note: - ???????? ????? ????? ????? ??? ???? (/morphology_license_plate_optimized/).
at 0 ps: Note: - ??? ?????? ???? ???? ???? ?? ???? (/morphology_license_plate_optimized/).
at 0 ps: Note: - ??????? ????? ?? ??? ?????? ??? (/morphology_license_plate_optimized/).
at 0 ps: Note:  (/morphology_license_plate_optimized/).
at 0 ps: Note: === ?????? ?? ?????? ????? ?? === (/morphology_license_plate_optimized/).
Finished circuit initialization process.
